<?xml version="1.0" encoding="UTF-8"?>
<testsuite name="com.indra.runners.FalabellaRunners" tests="0" skipped="0" failures="0" errors="0" timestamp="1970-01-01T00:00:00" hostname="22LAP5CD1346NJJ" time="0.0">
  <properties/>
  <system-out><![CDATA[12:32:49.982 [Test worker] DEBUG net.thucydides.core.util.PropertiesFileLocalPreferences - LOADING LOCAL PROPERTIES FROM C:\Users\SoporteTI\Desktop\falabella\dojo_serenity_cucumber\serenity.properties 
12:32:50.029 [Test worker] DEBUG net.thucydides.core.util.PropertiesFileLocalPreferences - LOADING LOCAL PROPERTIES FROM C:\Users\SoporteTI\Desktop\falabella\dojo_serenity_cucumber\serenity.properties 
12:32:50.031 [Test worker] DEBUG net.thucydides.core.util.PropertiesFileLocalPreferences - LOADING LOCAL PROPERTIES FROM C:\Users\SoporteTI\Desktop\falabella\dojo_serenity_cucumber\serenity.properties 
12:32:50.038 [Test worker] DEBUG net.thucydides.core.util.PropertiesFileLocalPreferences - webdriver.driver=chrome
12:32:50.038 [Test worker] DEBUG net.thucydides.core.util.PropertiesFileLocalPreferences - chrome.capabilities.incognito=true
12:32:50.038 [Test worker] DEBUG net.thucydides.core.util.PropertiesFileLocalPreferences - webdriver.chrome.driver=src/test/resources/drivers/chromedriver.exe
12:32:50.039 [Test worker] DEBUG net.thucydides.core.util.PropertiesFileLocalPreferences - chrome.capabilities.acceptSslCerts=true
12:32:50.039 [Test worker] DEBUG net.thucydides.core.util.PropertiesFileLocalPreferences - serenity.console.colors=true
12:32:50.039 [Test worker] DEBUG net.thucydides.core.util.PropertiesFileLocalPreferences - webdriver.base.url=https://www.falabella.com.co
12:32:50.039 [Test worker] DEBUG net.thucydides.core.util.PropertiesFileLocalPreferences - serenity.project.name=Dojo Serenity / Cucumber
12:32:50.039 [Test worker] DEBUG net.thucydides.core.util.PropertiesFileLocalPreferences - webdriver.wait.for.timeout=6000
12:32:50.039 [Test worker] DEBUG net.thucydides.core.util.PropertiesFileLocalPreferences - serenity.use.unique.browser=true
12:32:50.039 [Test worker] DEBUG net.thucydides.core.util.PropertiesFileLocalPreferences - webdriver.timeouts.implicitlywait=15000
12:32:50.039 [Test worker] DEBUG net.thucydides.core.util.PropertiesFileLocalPreferences - serenity.browser.maximized=true
12:32:50.281 [Test worker] DEBUG net.thucydides.core.util.PropertiesFileLocalPreferences - LOADING LOCAL PROPERTIES FROM C:\Users\SoporteTI\Desktop\falabella\dojo_serenity_cucumber\serenity.properties 
12:32:50.289 [Test worker] DEBUG net.thucydides.core.util.PropertiesFileLocalPreferences - LOADING LOCAL PROPERTIES FROM C:\Users\SoporteTI\Desktop\falabella\dojo_serenity_cucumber\serenity.properties 
12:32:50.290 [Test worker] DEBUG net.thucydides.core.util.PropertiesFileLocalPreferences - LOADING LOCAL PROPERTIES FROM C:\Users\SoporteTI\Desktop\falabella\dojo_serenity_cucumber\serenity.properties 
12:32:50.291 [Test worker] DEBUG net.thucydides.core.util.PropertiesFileLocalPreferences - webdriver.driver=chrome
12:32:50.291 [Test worker] DEBUG net.thucydides.core.util.PropertiesFileLocalPreferences - chrome.capabilities.incognito=true
12:32:50.291 [Test worker] DEBUG net.thucydides.core.util.PropertiesFileLocalPreferences - webdriver.chrome.driver=src/test/resources/drivers/chromedriver.exe
12:32:50.291 [Test worker] DEBUG net.thucydides.core.util.PropertiesFileLocalPreferences - chrome.capabilities.acceptSslCerts=true
12:32:50.291 [Test worker] DEBUG net.thucydides.core.util.PropertiesFileLocalPreferences - serenity.console.colors=true
12:32:50.291 [Test worker] DEBUG net.thucydides.core.util.PropertiesFileLocalPreferences - webdriver.base.url=https://www.falabella.com.co
12:32:50.291 [Test worker] DEBUG net.thucydides.core.util.PropertiesFileLocalPreferences - serenity.project.name=Dojo Serenity / Cucumber
12:32:50.291 [Test worker] DEBUG net.thucydides.core.util.PropertiesFileLocalPreferences - webdriver.wait.for.timeout=6000
12:32:50.292 [Test worker] DEBUG net.thucydides.core.util.PropertiesFileLocalPreferences - serenity.use.unique.browser=true
12:32:50.292 [Test worker] DEBUG net.thucydides.core.util.PropertiesFileLocalPreferences - webdriver.timeouts.implicitlywait=15000
12:32:50.292 [Test worker] DEBUG net.thucydides.core.util.PropertiesFileLocalPreferences - serenity.browser.maximized=true
12:32:50.296 [Test worker] INFO net.thucydides.core.steps.ConsoleLoggingListener - ?[96m

-------------------------------------------------------------------------------------
     _______. _______ .______       _______ .__   __.  __  .___________.____    ____ 
    /       ||   ____||   _  \     |   ____||  \ |  | |  | |           |\   \  /   / 
   |   (----`|  |__   |  |_)  |    |  |__   |   \|  | |  | `---|  |----` \   \/   /  
    \   \    |   __|  |      /     |   __|  |  . `  | |  |     |  |       \_    _/   
.----)   |   |  |____ |  |\  \----.|  |____ |  |\   | |  |     |  |         |  |     
|_______/    |_______|| _| `._____||_______||__| \__| |__|     |__|         |__|    
                                                                                     
 News and tutorials at http://www.serenity-bdd.info                                  
 Documentation at https://wakaleo.gitbooks.io/the-serenity-book/content/             
 Join the Serenity Community on Rocket Chat at https://serenity-bdd.rocket.chat      
 Serenity BDD Support and Training at http://serenity-bdd.info/#/trainingandsupport  
 Learn Serenity BDD online at http://serenity-dojo.com                               
-------------------------------------------------------------------------------------
?[0m
12:32:50.300 [Test worker] DEBUG net.thucydides.core.steps.StepEventBus - Test suite started for story net.thucydides.core.model.Story@e60116f6
12:32:50.302 [Test worker] INFO net.thucydides.core.steps.ConsoleLoggingListener - Test Suite Started: Agregar Articulo al Carrito de Compras
12:32:50.345 [Test worker] INFO net.thucydides.core.steps.ConsoleLoggingListener - 
 _____ _____ ____ _____   ____ _____  _    ____ _____ _____ ____  
|_   _| ____/ ___|_   _| / ___|_   _|/ \  |  _ \_   _| ____|  _ \ 
  | | |  _| \___ \ | |   \___ \ | | / _ \ | |_) || | |  _| | | | |
  | | | |___ ___) || |    ___) || |/ ___ \|  _ < | | | |___| |_| |
  |_| |_____|____/ |_|   |____/ |_/_/   \_\_| \_\|_| |_____|____/ 
                                                                  

TEST STARTED: Deberia agregar un elemento al carrito de compras
-------------------------------------------------------------------(agregar-articulo-al-carrito-de-compras;deberia-agregar-un-elemento-al-carrito-de-compras)
12:32:50.429 [Test worker] DEBUG net.thucydides.core.requirements.model.cucumber.CucumberParser - Found no Cucumber 4.2.6 class cucumber.runtime.model.FeatureLoader try Cucumber 4.2.0 
12:32:50.429 [Test worker] DEBUG net.thucydides.core.requirements.model.cucumber.CucumberParser - Found no Cucumber 4.2.0 class cucumber.runtime.model.FeatureLoader try Cucumber 2.x.x 
12:32:50.444 [Test worker] DEBUG net.thucydides.core.requirements.model.cucumber.CucumberParser - Found no Cucumber 4.2.6 class cucumber.runtime.model.FeatureLoader try Cucumber 4.2.0 
12:32:50.445 [Test worker] DEBUG net.thucydides.core.requirements.model.cucumber.CucumberParser - Found no Cucumber 4.2.0 class cucumber.runtime.model.FeatureLoader try Cucumber 2.x.x 
12:32:50.453 [Test worker] DEBUG net.thucydides.core.requirements.model.cucumber.CucumberParser - Found no Cucumber 4.2.6 class cucumber.runtime.model.FeatureLoader try Cucumber 4.2.0 
12:32:50.454 [Test worker] DEBUG net.thucydides.core.requirements.model.cucumber.CucumberParser - Found no Cucumber 4.2.0 class cucumber.runtime.model.FeatureLoader try Cucumber 2.x.x 
12:32:50.468 [Test worker] DEBUG net.thucydides.core.requirements.model.cucumber.CucumberParser - Found no Cucumber 4.2.6 class cucumber.runtime.model.FeatureLoader try Cucumber 4.2.0 
12:32:50.469 [Test worker] DEBUG net.thucydides.core.requirements.model.cucumber.CucumberParser - Found no Cucumber 4.2.0 class cucumber.runtime.model.FeatureLoader try Cucumber 2.x.x 
12:33:13.270 [Test worker] DEBUG net.thucydides.core.reports.ReportService - Reporting formats: [JSON, HTML]
12:33:13.324 [Test worker] DEBUG net.thucydides.core.reports.ReportService - Reporting formats: [JSON, HTML]
12:33:13.333 [Test worker] DEBUG net.thucydides.core.reports.ReportService - Generating reports for 1 test outcomes using: net.thucydides.core.reports.json.JSONTestOutcomeReporter@3a8df9a6
12:33:13.334 [pool-1-thread-1] DEBUG net.thucydides.core.reports.ReportService - Processing test outcome Agregar Articulo al Carrito de Compras:Deberia agregar un elemento al carrito de compras
12:33:13.334 [pool-1-thread-1] DEBUG net.thucydides.core.reports.ReportService - net.thucydides.core.reports.json.JSONTestOutcomeReporter@3a8df9a6: Generating report for test outcome: Agregar Articulo al Carrito de Compras:Deberia agregar un elemento al carrito de compras
12:33:13.338 [pool-1-thread-1] DEBUG net.thucydides.core.reports.json.JSONTestOutcomeReporter - Generating JSON report for Deberia agregar un elemento al carrito de compras to file C:\Users\SoporteTI\Desktop\falabella\dojo_serenity_cucumber\target\site\serenity\0af0cffa3e2639aeb9c05f0b9d69245d55c95f0b61ae08e2cd670a1366421008.json (using temp file C:\Users\SoporteTI\Desktop\falabella\dojo_serenity_cucumber\target\site\serenity\0af0cffa3e2639aeb9c05f0b9d69245d55c95f0b61ae08e2cd670a1366421008.json80c6a88f-dfae-4984-abcb-b7115aa5c6be)
12:33:13.382 [pool-1-thread-1] DEBUG net.thucydides.core.reports.ReportService - Processing test outcome Agregar Articulo al Carrito de Compras:Deberia agregar un elemento al carrito de compras done
12:33:13.382 [Test worker] DEBUG net.thucydides.core.reports.ReportService - Shutting down executor service
12:33:13.382 [Test worker] DEBUG net.thucydides.core.reports.ReportService - Reports generated in: 49 ms
12:33:13.383 [Test worker] DEBUG net.thucydides.core.reports.ReportService - Generating reports for 1 test outcomes using: net.thucydides.core.reports.html.HtmlAcceptanceTestReporter@47de98db
12:33:13.383 [pool-2-thread-1] DEBUG net.thucydides.core.reports.ReportService - Processing test outcome Agregar Articulo al Carrito de Compras:Deberia agregar un elemento al carrito de compras
12:33:13.383 [pool-2-thread-1] DEBUG net.thucydides.core.reports.ReportService - net.thucydides.core.reports.html.HtmlAcceptanceTestReporter@47de98db: Generating report for test outcome: Agregar Articulo al Carrito de Compras:Deberia agregar un elemento al carrito de compras
12:33:13.383 [pool-2-thread-1] DEBUG net.thucydides.core.reports.html.HtmlAcceptanceTestReporter - GENERATE TEST OUTCOME REPORT FOR Deberia agregar un elemento al carrito de compras in 0af0cffa3e2639aeb9c05f0b9d69245d55c95f0b61ae08e2cd670a1366421008
12:33:13.436 [pool-2-thread-1] DEBUG net.thucydides.core.requirements.model.cucumber.CucumberParser - Found no Cucumber 4.2.6 class cucumber.runtime.model.FeatureLoader try Cucumber 4.2.0 
12:33:13.436 [pool-2-thread-1] DEBUG net.thucydides.core.requirements.model.cucumber.CucumberParser - Found no Cucumber 4.2.0 class cucumber.runtime.model.FeatureLoader try Cucumber 2.x.x 
12:33:13.446 [pool-2-thread-1] DEBUG net.thucydides.core.requirements.model.cucumber.CucumberParser - Found no Cucumber 4.2.6 class cucumber.runtime.model.FeatureLoader try Cucumber 4.2.0 
12:33:13.446 [pool-2-thread-1] DEBUG net.thucydides.core.requirements.model.cucumber.CucumberParser - Found no Cucumber 4.2.0 class cucumber.runtime.model.FeatureLoader try Cucumber 2.x.x 
12:33:13.458 [pool-2-thread-1] DEBUG net.thucydides.core.requirements.model.cucumber.CucumberParser - Found no Cucumber 4.2.6 class cucumber.runtime.model.FeatureLoader try Cucumber 4.2.0 
12:33:13.458 [pool-2-thread-1] DEBUG net.thucydides.core.requirements.model.cucumber.CucumberParser - Found no Cucumber 4.2.0 class cucumber.runtime.model.FeatureLoader try Cucumber 2.x.x 
12:33:13.469 [pool-2-thread-1] DEBUG net.thucydides.core.requirements.model.cucumber.CucumberParser - Found no Cucumber 4.2.6 class cucumber.runtime.model.FeatureLoader try Cucumber 4.2.0 
12:33:13.469 [pool-2-thread-1] DEBUG net.thucydides.core.requirements.model.cucumber.CucumberParser - Found no Cucumber 4.2.0 class cucumber.runtime.model.FeatureLoader try Cucumber 2.x.x 
12:33:13.472 [pool-2-thread-1] DEBUG net.thucydides.core.requirements.RequirementsTagProvider -  found:[Requirement{name='Automationpractice', type='theme' parent = 'null', cardNumber='null'}]
12:33:13.481 [pool-2-thread-1] DEBUG net.thucydides.core.requirements.BaseRequirementsService - Requirement found for test outcome Deberia agregar un elemento al carrito de compras-[]: Optional[Requirement{name='Agregar Articulo al Carrito de Compras', type='feature' parent = 'Falabella', cardNumber='null'}]
12:33:13.484 [pool-2-thread-1] DEBUG net.thucydides.core.requirements.BaseRequirementsService - Requirement found for test outcome Deberia agregar un elemento al carrito de compras-[]: Optional[Requirement{name='Agregar Articulo al Carrito de Compras', type='feature' parent = 'Falabella', cardNumber='null'}]
12:33:13.524 [pool-2-thread-1] DEBUG net.thucydides.core.requirements.BaseRequirementsService - Requirement found for test outcome Deberia agregar un elemento al carrito de compras-[]: Optional[Requirement{name='Agregar Articulo al Carrito de Compras', type='feature' parent = 'Falabella', cardNumber='null'}]
12:33:13.526 [pool-2-thread-1] DEBUG net.thucydides.core.requirements.BaseRequirementsService - Requirement found for test outcome Deberia agregar un elemento al carrito de compras-[]: Optional[Requirement{name='Agregar Articulo al Carrito de Compras', type='feature' parent = 'Falabella', cardNumber='null'}]
12:33:13.683 [pool-2-thread-1] DEBUG net.thucydides.core.reports.html.HtmlAcceptanceTestReporter - Generating report in 0af0cffa3e2639aeb9c05f0b9d69245d55c95f0b61ae08e2cd670a1366421008_screenshots.html
12:33:13.968 [pool-2-thread-1] DEBUG net.thucydides.core.reports.html.HtmlAcceptanceTestReporter - Generated report 0af0cffa3e2639aeb9c05f0b9d69245d55c95f0b61ae08e2cd670a1366421008_screenshots.html in 285 ms
12:33:13.969 [pool-2-thread-1] DEBUG net.thucydides.core.reports.html.HtmlAcceptanceTestReporter - GENERATING HTML REPORT FOR Agregar Articulo al Carrito de Compras:Deberia agregar un elemento al carrito de compras in 0af0cffa3e2639aeb9c05f0b9d69245d55c95f0b61ae08e2cd670a1366421008.html in directory C:\Users\SoporteTI\Desktop\falabella\dojo_serenity_cucumber\target\site\serenity  
12:33:13.971 [pool-2-thread-1] DEBUG net.thucydides.core.reports.html.HtmlAcceptanceTestReporter - Generating report in 0af0cffa3e2639aeb9c05f0b9d69245d55c95f0b61ae08e2cd670a1366421008.html
12:33:14.068 [pool-2-thread-1] DEBUG net.thucydides.core.reports.html.HtmlAcceptanceTestReporter - Generated report 0af0cffa3e2639aeb9c05f0b9d69245d55c95f0b61ae08e2cd670a1366421008.html in 97 ms
12:33:14.069 [pool-2-thread-1] DEBUG net.thucydides.core.reports.ReportService - Processing test outcome Agregar Articulo al Carrito de Compras:Deberia agregar un elemento al carrito de compras done
12:33:14.069 [Test worker] DEBUG net.thucydides.core.reports.ReportService - Shutting down executor service
12:33:14.069 [Test worker] DEBUG net.thucydides.core.reports.ReportService - Reports generated in: 686 ms
12:33:14.242 [Test worker] DEBUG net.serenitybdd.core.photography.Darkroom - Closing darkroom
12:33:14.242 [Darkroom Processing Line] DEBUG net.serenitybdd.core.photography.DarkroomProcessingLine - Darkroom processing line shutting down

1 Scenarios (?[32m1 passed?[0m)
4 Steps (?[32m4 passed?[0m)
0m23,078s

]]></system-out>
  <system-err><![CDATA[]]></system-err>
</testsuite>
